<?xml version="1.0" encoding="UTF-8"?>
<testsuite name="FluxTest" tests="1" skipped="0" failures="0" errors="0" timestamp="2021-11-23T22:23:07" hostname="MacBook-Pro-Edwin.local" time="0.174">
  <properties/>
  <testcase name="fluxWithBothError()" classname="FluxTest" time="0.174"/>
  <system-out><![CDATA[1
2
3
4
Done
]]></system-out>
  <system-err><![CDATA[]]></system-err>
</testsuite>
